{
  "RSpec": {
    "coverage": {
      "/Users/darylwatson/Desktop/projects/Movie-Snaps/app/models/user.rb": [
        1,
        null,
        null,
        1,
        null,
        null,
        null,
        1,
        1,
        1,
        1,
        1,
        null,
        1,
        0,
        0,
        0,
        0,
        0,
        null,
        null,
        null,
        null
      ],
      "/Users/darylwatson/Desktop/projects/Movie-Snaps/app/helpers/application_helper.rb": [
        1,
        null
      ],
      "/Users/darylwatson/Desktop/projects/Movie-Snaps/app/helpers/comments_helper.rb": [
        1,
        null
      ],
      "/Users/darylwatson/Desktop/projects/Movie-Snaps/app/helpers/dashboards_helper.rb": [
        1,
        null
      ],
      "/Users/darylwatson/Desktop/projects/Movie-Snaps/app/helpers/likes_helper.rb": [
        1,
        null
      ],
      "/Users/darylwatson/Desktop/projects/Movie-Snaps/app/helpers/locations_helper.rb": [
        1,
        null
      ],
      "/Users/darylwatson/Desktop/projects/Movie-Snaps/app/helpers/movies_helper.rb": [
        1,
        null
      ],
      "/Users/darylwatson/Desktop/projects/Movie-Snaps/app/helpers/photos_helper.rb": [
        1,
        null
      ],
      "/Users/darylwatson/Desktop/projects/Movie-Snaps/app/helpers/scenes_helper.rb": [
        1,
        null
      ],
      "/Users/darylwatson/Desktop/projects/Movie-Snaps/app/helpers/users_helper.rb": [
        1,
        null
      ],
      "/Users/darylwatson/Desktop/projects/Movie-Snaps/app/helpers/visits_helper.rb": [
        1,
        null
      ],
      "/Users/darylwatson/Desktop/projects/Movie-Snaps/app/helpers/welcome_helper.rb": [
        1,
        null
      ],
      "/Users/darylwatson/Desktop/projects/Movie-Snaps/app/models/movie.rb": [
        1,
        null,
        1,
        null,
        null
      ],
      "/Users/darylwatson/Desktop/projects/Movie-Snaps/app/models/location.rb": [
        1,
        null,
        1,
        1,
        null,
        null
      ],
      "/Users/darylwatson/Desktop/projects/Movie-Snaps/app/models/scene.rb": [
        1,
        null,
        1,
        1,
        1,
        null,
        1,
        1,
        null,
        null
      ],
      "/Users/darylwatson/Desktop/projects/Movie-Snaps/app/models/visit.rb": [
        1,
        null,
        1,
        1,
        1,
        1,
        null,
        17,
        1,
        null,
        null
      ],
      "/Users/darylwatson/Desktop/projects/Movie-Snaps/app/models/photo.rb": [
        1,
        null,
        1,
        1,
        1,
        null,
        1,
        null,
        null,
        null,
        null,
        null,
        1,
        null,
        null
      ],
      "/Users/darylwatson/Desktop/projects/Movie-Snaps/app/controllers/welcome_controller.rb": [
        1,
        null,
        1,
        20,
        20,
        20,
        20,
        20,
        null,
        null,
        null
      ],
      "/Users/darylwatson/Desktop/projects/Movie-Snaps/app/controllers/application_controller.rb": [
        1,
        null,
        null,
        1,
        null
      ],
      "/Users/darylwatson/Desktop/projects/Movie-Snaps/app/models/comment.rb": [
        1,
        null,
        1,
        1,
        null,
        1,
        null,
        null
      ],
      "/Users/darylwatson/Desktop/projects/Movie-Snaps/app/models/like.rb": [
        1,
        null,
        1,
        1,
        null,
        null
      ],
      "/Users/darylwatson/Desktop/projects/Movie-Snaps/app/controllers/scenes_controller.rb": [
        1,
        null,
        1,
        3,
        3,
        null,
        null,
        1,
        13,
        0,
        0,
        null,
        null,
        null,
        1,
        0,
        0,
        0,
        0,
        0,
        0,
        0,
        0,
        null,
        null,
        1,
        0,
        0,
        0,
        0,
        0,
        0,
        0,
        0,
        null,
        null,
        null
      ],
      "/Users/darylwatson/Desktop/projects/Movie-Snaps/app/controllers/locations_controller.rb": [
        1,
        null,
        1,
        null,
        null,
        1,
        10,
        10,
        null,
        null,
        1,
        187,
        187,
        null,
        null,
        null
      ]
    },
    "timestamp": 1440521610
  }
}
